No main thread, did you call SDL_Init?
Backtrace for: #<SB-THREAD:THREAD tid=76018 "editor" RUNNING {1007638003}>
0: ((LAMBDA NIL :IN UIOP/IMAGE:PRINT-BACKTRACE))
1: ((FLET "THUNK" :IN UIOP/STREAM:CALL-WITH-SAFE-IO-SYNTAX))
2: (SB-IMPL::%WITH-STANDARD-IO-SYNTAX #<FUNCTION (FLET "THUNK" :IN UIOP/STREAM:CALL-WITH-SAFE-IO-SYNTAX) {7FEB203A965B}>)
3: (UIOP/STREAM:CALL-WITH-SAFE-IO-SYNTAX #<FUNCTION (LAMBDA NIL :IN UIOP/IMAGE:PRINT-BACKTRACE) {1004D533AB}> :PACKAGE :CL)
4: (LEM-CORE::BAILOUT #<SIMPLE-ERROR "No main thread, did you call SDL_Init?" {1004D53343}>)
5: (SB-KERNEL::%SIGNAL #<SIMPLE-ERROR "No main thread, did you call SDL_Init?" {1004D53343}>)
6: (ERROR "No main thread, did you call SDL_Init?")
7: (LEM-SDL2/DISPLAY::CALL-WITH-RENDERER #<LEM-SDL2/DISPLAY:DISPLAY {1004538113}> #<FUNCTION (LAMBDA NIL :IN LEM-INTERFACE:DISPLAY-HEIGHT) {1004D5330B}>)
8: (LEM-SDL2/LOG::CALL-WITH-DEBUG #<FUNCTION (LAMBDA NIL :IN LEM-INTERFACE:DISPLAY-HEIGHT) {52D698DB}> #<FUNCTION (LAMBDA NIL :IN LEM-INTERFACE:DISPLAY-HEIGHT) {52D6978B}>)
9: (LEM-CORE:POP-UP-TYPEOUT-WINDOW #<LEM-BASE:TEXT-BUFFER *EDITOR ERROR* NIL {1004A2B553}> :FUNCTION #<FUNCTION (LAMBDA (STREAM) :IN LEM-CORE:POP-UP-BACKTRACE) {1004CE9DFB}> :ERASE T :READ-ONLY T)
10: ((LAMBDA (CONDITION) :IN LEM-CORE::TOPLEVEL-COMMAND-LOOP) #<SIMPLE-ERROR "No main thread, did you call SDL_Init?" {1004C4EDE3}>)
11: (SB-KERNEL::%SIGNAL #<SIMPLE-ERROR "No main thread, did you call SDL_Init?" {1004C4EDE3}>)
12: (ERROR "No main thread, did you call SDL_Init?")
13: (LEM-SDL2/DISPLAY::CALL-WITH-RENDERER #<LEM-SDL2/DISPLAY:DISPLAY {1004538113}> #<FUNCTION (LAMBDA NIL :IN LEM-INTERFACE:DISPLAY-WIDTH) {1004C4EDAB}>)
14: (LEM-SDL2/LOG::CALL-WITH-DEBUG #<FUNCTION (LAMBDA NIL :IN LEM-INTERFACE:DISPLAY-WIDTH) {52D6943B}> #<FUNCTION (LAMBDA NIL :IN LEM-INTERFACE:DISPLAY-WIDTH) {52D692EB}>)
15: ((:METHOD LEM/POPUP-WINDOW::COMPUTE-POPUP-WINDOW-RECTANGLE (LEM/POPUP-WINDOW::GRAVITY-CURSOR)) #<unused argument> :SOURCE-WINDOW #<LEM-CORE:FLOATING-WINDOW {1004B3A873}> :WIDTH 0 :HEIGHT 1 :BORDER-SIZE 1) [fast-method]
16: ((:METHOD LEM/POPUP-WINDOW::COMPUTE-POPUP-WINDOW-RECTANGLE :AROUND (LEM/POPUP-WINDOW::GRAVITY)) #<LEM/POPUP-WINDOW::GRAVITY-FOLLOW-CURSOR {1004C56473}> :SOURCE-WINDOW #<LEM-CORE:FLOATING-WINDOW {1004B3A873}> :WIDTH 0 :HEIGHT 1 :BORDER-SIZE 1) [fast-method]
17: (LEM/POPUP-WINDOW::MAKE-POPUP-WINDOW :SOURCE-WINDOW #<LEM-CORE:FLOATING-WINDOW {1004B3A873}> :BUFFER #<LEM-BASE:TEXT-BUFFER *Popup Message* NIL {1004C56003}> :WIDTH 0 :HEIGHT 1 :STYLE (:GRAVITY :FOLLOW-CURSOR))
18: ((:METHOD LEM-INTERFACE:DISPLAY-POPUP-MESSAGE (T T)) #<unused argument> "" :TIMEOUT NIL :DESTINATION-WINDOW #<LEM/POPUP-WINDOW::POPUP-WINDOW {10049949A3}> :SOURCE-WINDOW NIL :STYLE (:GRAVITY :FOLLOW-CURSOR)) [fast-method]
19: ((:METHOD LEM-CORE:SHOW-MESSAGE (T)) "") [fast-method]
20: ((:METHOD SB-GRAY:STREAM-WRITE-CHAR (LEM-CORE:EDITOR-OUTPUT-STREAM T)) #<LEM-CORE::EDITOR-IO-STREAM {10076301D3}> #\Newline) [fast-method]
21: (WRITE-CHAR #\Newline #<LEM-CORE::EDITOR-IO-STREAM {10076301D3}>)
22: ((:METHOD SB-GRAY:STREAM-FRESH-LINE (SB-GRAY:FUNDAMENTAL-CHARACTER-OUTPUT-STREAM)) #<LEM-CORE::EDITOR-IO-STREAM {10076301D3}>) [fast-method]
23: (SB-FORMAT::&-INTERPRETER #<LEM-CORE::EDITOR-IO-STREAM {10076301D3}> #<~&> ("While evaluating the form starting at line " #<~D> ", column " #<~D> "
  of " #<~S> ":") #<unused argument> (10 0 #P"/home/garlic/.lem/init.lisp"))
24: (SB-FORMAT::INTERPRET-DIRECTIVE-LIST #<LEM-CORE::EDITOR-IO-STREAM {10076301D3}> (#<~&> "While evaluating the form starting at line " #<~D> ", column " #<~D> "
  of " #<~S> ":") (10 0 #P"/home/garlic/.lem/init.lisp") (10 0 #P"/home/garlic/.lem/init.lisp"))
25: (SB-FORMAT::%FORMAT #<LEM-CORE::EDITOR-IO-STREAM {10076301D3}> "~&While evaluating the form starting at line ~D, column ~D
  of ~S:" (10 0 #P"/home/garlic/.lem/init.lisp") (10 0 #P"/home/garlic/.lem/init.lisp"))
26: (FORMAT #<LEM-CORE::EDITOR-IO-STREAM {10076301D3}> "~&While evaluating the form starting at line ~D, column ~D
  of ~S:" 10 0 #P"/home/garlic/.lem/init.lisp")
27: (FORMAT #<LEM-CORE::EDITOR-IO-STREAM {10076301D3}> "~&While evaluating the form starting at line ~D, column ~D
  of ~S:" 10 0 #P"/home/garlic/.lem/init.lisp") [more]
28: (SB-KERNEL::%SIGNAL #<SIMPLE-ERROR "No main thread, did you call SDL_Init?" {1004C4E963}>)
29: (ERROR "No main thread, did you call SDL_Init?")
30: (LEM-SDL2/DISPLAY::CALL-WITH-RENDERER #<LEM-SDL2/DISPLAY:DISPLAY {1004538113}> #<FUNCTION (LAMBDA NIL :IN LEM-INTERFACE:DELETE-VIEW) {1004C4E92B}>)
31: (LEM-SDL2/LOG::CALL-WITH-DEBUG #<FUNCTION (LAMBDA NIL :IN LEM-INTERFACE:DELETE-VIEW) {52D6B56B}> #<FUNCTION (LAMBDA NIL :IN LEM-INTERFACE:DELETE-VIEW) {1004C4E8EB}>)
32: (LEM-CORE:DELETE-WINDOW #<LEM/POPUP-WINDOW::POPUP-WINDOW {10049949A3}>)
33: ((:METHOD LEM-INTERFACE:DISPLAY-POPUP-MESSAGE (T T)) #<unused argument> "
  of #P\"/home/garlic/.lem/init.lisp\":" :TIMEOUT NIL :DESTINATION-WINDOW #<LEM/POPUP-WINDOW::POPUP-WINDOW {10049949A3}> :SOURCE-WINDOW NIL :STYLE (:GRAVITY :FOLLOW-CURSOR)) [fast-method]
34: ((:METHOD LEM-CORE:SHOW-MESSAGE (T)) "
  of #P\"/home/garlic/.lem/init.lisp\":") [fast-method]
35: ((:METHOD SB-GRAY:STREAM-WRITE-CHAR (LEM-CORE:EDITOR-OUTPUT-STREAM T)) #<LEM-CORE::EDITOR-IO-STREAM {10076301D3}> #\Newline) [fast-method]
36: (WRITE-CHAR #\Newline #<LEM-CORE::EDITOR-IO-STREAM {10076301D3}>)
37: ((:METHOD SB-GRAY:STREAM-FRESH-LINE (SB-GRAY:FUNDAMENTAL-CHARACTER-OUTPUT-STREAM)) #<LEM-CORE::EDITOR-IO-STREAM {10076301D3}>) [fast-method]
38: (SB-C::SUMMARIZE-COMPILATION-UNIT T)
39: ((FLET "CLEANUP-FUN-3" :IN SB-C::%WITH-COMPILATION-UNIT)) [cleanup]
40: ((FLET SB-C::WITH-IT :IN SB-C::%WITH-COMPILATION-UNIT))
41: ((:METHOD ASDF/PLAN:PERFORM-PLAN :AROUND (T)) #<ASDF/PLAN:SEQUENTIAL-PLAN {10049655A3}>) [fast-method]
42: ((:METHOD ASDF/OPERATE:OPERATE (ASDF/OPERATION:OPERATION ASDF/COMPONENT:COMPONENT)) #<ASDF/LISP-ACTION:LOAD-OP > #<ASDF/SYSTEM:SYSTEM "lem-my-init"> :PLAN-CLASS NIL :PLAN-OPTIONS NIL) [fast-method]
43: ((SB-PCL::EMF ASDF/OPERATE:OPERATE) #<unused argument> #<unused argument> #<ASDF/LISP-ACTION:LOAD-OP > #<ASDF/SYSTEM:SYSTEM "lem-my-init"> :VERBOSE NIL)
44: ((LAMBDA NIL :IN ASDF/OPERATE:OPERATE))
45: ((:METHOD ASDF/OPERATE:OPERATE :AROUND (T T)) #<ASDF/LISP-ACTION:LOAD-OP > #<ASDF/SYSTEM:SYSTEM "lem-my-init"> :VERBOSE NIL) [fast-method]
46: ((SB-PCL::EMF ASDF/OPERATE:OPERATE) #<unused argument> #<unused argument> ASDF/LISP-ACTION:LOAD-OP "lem-my-init" :VERBOSE NIL)
47: ((LAMBDA NIL :IN ASDF/OPERATE:OPERATE))
48: ((:METHOD ASDF/OPERATE:OPERATE :AROUND (T T)) ASDF/LISP-ACTION:LOAD-OP "lem-my-init" :VERBOSE NIL) [fast-method]
49: (ASDF/SESSION:CALL-WITH-ASDF-SESSION #<FUNCTION (LAMBDA NIL :IN ASDF/OPERATE:OPERATE) {100497FD5B}> :OVERRIDE T :KEY NIL :OVERRIDE-CACHE T :OVERRIDE-FORCING NIL)
50: ((LAMBDA NIL :IN ASDF/OPERATE:OPERATE))
51: (ASDF/SESSION:CALL-WITH-ASDF-SESSION #<FUNCTION (LAMBDA NIL :IN ASDF/OPERATE:OPERATE) {100494792B}> :OVERRIDE NIL :KEY NIL :OVERRIDE-CACHE NIL :OVERRIDE-FORCING NIL)
52: ((:METHOD ASDF/OPERATE:OPERATE :AROUND (T T)) ASDF/LISP-ACTION:LOAD-OP "lem-my-init" :VERBOSE NIL) [fast-method]
53: (ASDF/OPERATE:LOAD-SYSTEM "lem-my-init" :VERBOSE NIL)
54: (QUICKLISP-CLIENT::CALL-WITH-MACROEXPAND-PROGRESS #<FUNCTION (LAMBDA NIL :IN QUICKLISP-CLIENT::APPLY-LOAD-STRATEGY) {1004946EAB}>)
55: (QUICKLISP-CLIENT::AUTOLOAD-SYSTEM-AND-DEPENDENCIES "lem-my-init" :PROMPT NIL)
56: ((:METHOD QL-IMPL-UTIL::%CALL-WITH-QUIET-COMPILATION (T T)) #<unused argument> #<FUNCTION (FLET QUICKLISP-CLIENT::QL :IN QUICKLISP-CLIENT:QUICKLOAD) {1004421D4B}>) [fast-method]
57: ((:METHOD QL-IMPL-UTIL::%CALL-WITH-QUIET-COMPILATION :AROUND (QL-IMPL:SBCL T)) #<QL-IMPL:SBCL {10018AB2B3}> #<FUNCTION (FLET QUICKLISP-CLIENT::QL :IN QUICKLISP-CLIENT:QUICKLOAD) {1004421D4B}>) [fast-method]
58: ((:METHOD QUICKLISP-CLIENT:QUICKLOAD (T)) :LEM-MY-INIT :PROMPT NIL :SILENT NIL :VERBOSE NIL) [fast-method]
59: (QL-DIST::CALL-WITH-CONSISTENT-DISTS #<FUNCTION (LAMBDA NIL :IN QUICKLISP-CLIENT:QUICKLOAD) {10043DE5FB}>)
60: ((LAMBDA NIL :IN "/home/garlic/.lem/init.lisp"))
61: (SB-INT:SIMPLE-EVAL-IN-LEXENV (LET ((ASDF/SYSTEM-REGISTRY:*CENTRAL-REGISTRY* (APPEND (LIST #P"~/.lem/" #P"~/common-lisp/" # #) ASDF/SYSTEM-REGISTRY:*CENTRAL-REGISTRY*))) (QUICKLISP-CLIENT:QUICKLOAD :LEM-MY-INIT)) #<NULL-LEXENV>)
62: (SB-EXT:EVAL-TLF (LET ((ASDF/SYSTEM-REGISTRY:*CENTRAL-REGISTRY* (APPEND (LIST #P"~/.lem/" #P"~/common-lisp/" # #) ASDF/SYSTEM-REGISTRY:*CENTRAL-REGISTRY*))) (QUICKLISP-CLIENT:QUICKLOAD :LEM-MY-INIT)) 3 NIL)
63: ((LABELS SB-FASL::EVAL-FORM :IN SB-INT:LOAD-AS-SOURCE) (LET ((ASDF/SYSTEM-REGISTRY:*CENTRAL-REGISTRY* (APPEND (LIST #P"~/.lem/" #P"~/common-lisp/" # #) ASDF/SYSTEM-REGISTRY:*CENTRAL-REGISTRY*))) (QUICKLISP-CLIENT:QUICKLOAD :LEM-MY-INIT)) 3)
64: ((LAMBDA (SB-KERNEL:FORM &KEY :CURRENT-INDEX &ALLOW-OTHER-KEYS) :IN SB-INT:LOAD-AS-SOURCE) (LET ((ASDF/SYSTEM-REGISTRY:*CENTRAL-REGISTRY* (APPEND (LIST #P"~/.lem/" #P"~/common-lisp/" # #) ASDF/SYSTEM-REGISTRY:*CENTRAL-REGISTRY*))) (QUICKLISP-CLIENT:QUICKLOAD :LEM-MY-INIT)) :CURRENT-INDEX 3)
65: (SB-C::%DO-FORMS-FROM-INFO #<FUNCTION (LAMBDA (SB-KERNEL:FORM &KEY :CURRENT-INDEX &ALLOW-OTHER-KEYS) :IN SB-INT:LOAD-AS-SOURCE) {10052C7E6B}> #<SB-C::SOURCE-INFO {10052D0723}> SB-C::INPUT-ERROR-IN-LOAD)
66: (SB-INT:LOAD-AS-SOURCE #<SB-INT:FORM-TRACKING-STREAM for "file /home/garlic/.lem/init.lisp" {10052C6F93}> :VERBOSE NIL :PRINT NIL :CONTEXT "loading")
67: ((LABELS SB-FASL::LOAD-STREAM-1 :IN LOAD) #<SB-INT:FORM-TRACKING-STREAM for "file /home/garlic/.lem/init.lisp" {10052C6F93}> NIL)
68: (SB-FASL::CALL-WITH-LOAD-BINDINGS #<FUNCTION (LABELS SB-FASL::LOAD-STREAM-1 :IN LOAD) {7FEB203AE4CB}> #<SB-INT:FORM-TRACKING-STREAM for "file /home/garlic/.lem/init.lisp" {10052C6F93}> NIL #<SB-INT:FORM-TRACKING-STREAM for "file /home/garlic/.lem/init.lisp" {10052C6F93}>)
69: (LOAD #P"/home/garlic/.lem/init.lisp" :VERBOSE NIL :PRINT NIL :IF-DOES-NOT-EXIST :ERROR :EXTERNAL-FORMAT :DEFAULT)
70: ((FLET LEM-CORE::MAYBE-LOAD :IN LEM-CORE::LOAD-INIT-FILE) #P"/home/garlic/.lem/init.lisp")
71: (LEM-CORE::LOAD-INIT-FILE)
72: (LEM-CORE::INIT #S(LEM-CORE::COMMAND-LINE-ARGUMENTS :ARGS NIL :DEBUG NIL :LOG-FILENAME NIL :NO-INIT-FILE NIL))
73: (LEM-CORE::TOPLEVEL-COMMAND-LOOP #<FUNCTION (LAMBDA NIL :IN LEM-CORE::RUN-EDITOR-THREAD) {10050436EB}>)
74: ((LAMBDA NIL :IN LEM-CORE::RUN-EDITOR-THREAD))
75: ((LAMBDA NIL :IN LEM-CORE::RUN-EDITOR-THREAD))
76: ((LABELS BORDEAUX-THREADS::%BINDING-DEFAULT-SPECIALS-WRAPPER :IN BORDEAUX-THREADS::BINDING-DEFAULT-SPECIALS))
77: ((FLET SB-UNIX::BODY :IN SB-THREAD::RUN))
78: ((FLET "WITHOUT-INTERRUPTS-BODY-174" :IN SB-THREAD::RUN))
79: ((FLET SB-UNIX::BODY :IN SB-THREAD::RUN))
80: ((FLET "WITHOUT-INTERRUPTS-BODY-167" :IN SB-THREAD::RUN))
81: (SB-THREAD::RUN)
82: ("foreign function: call_into_lisp_")

